[2022-06-05 01:12:39] [ INFO ] [ConfiguracionJDBC:52] Se cargo correctamente el driver jdbc
[2022-06-05 01:12:39] [ ERROR] [ConfiguracionJDBC:42] La conexion a la base de datos presenta problemas
[2022-06-05 01:13:16] [ INFO ] [ConfiguracionJDBC:52] Se cargo correctamente el driver jdbc
[2022-06-05 01:13:17] [ INFO ] [ConfiguracionJDBC:38] Se ha establecido correctamente la conexion a la base de datos
[2022-06-05 01:13:17] [ INFO ] [OdontologoDAOH2:37] Informacion Guardada correctamente
[2022-06-05 01:13:17] [ INFO ] [ConfiguracionJDBC:52] Se cargo correctamente el driver jdbc
[2022-06-05 01:13:17] [ INFO ] [ConfiguracionJDBC:38] Se ha establecido correctamente la conexion a la base de datos
[2022-06-05 01:13:17] [ INFO ] [OdontologoDAOH2:61] Eliminacion registro No 1 fue exitosa
[2022-06-05 01:15:07] [ INFO ] [ConfiguracionJDBC:52] Se cargo correctamente el driver jdbc
[2022-06-05 01:15:08] [ INFO ] [ConfiguracionJDBC:38] Se ha establecido correctamente la conexion a la base de datos
[2022-06-05 01:15:08] [ INFO ] [OdontologoDAOH2:37] Informacion Guardada correctamente
[2022-06-05 01:15:26] [ INFO ] [ConfiguracionJDBC:52] Se cargo correctamente el driver jdbc
[2022-06-05 01:15:27] [ INFO ] [ConfiguracionJDBC:38] Se ha establecido correctamente la conexion a la base de datos
[2022-06-05 01:15:27] [ INFO ] [OdontologoDAOH2:149] Consulta de todos los registros fue exitosa
[2022-06-05 01:15:27] [ INFO ] [ConfiguracionJDBC:52] Se cargo correctamente el driver jdbc
[2022-06-05 01:15:27] [ INFO ] [ConfiguracionJDBC:38] Se ha establecido correctamente la conexion a la base de datos
[2022-06-05 01:15:27] [ INFO ] [OdontologoDAOH2:149] Consulta de todos los registros fue exitosa
[2022-06-05 01:15:27] [ INFO ] [Main:37] Odonotologo Name:Adela Apellido: Sanchez Matricula: 9024215 Id : 2
[2022-06-05 01:17:25] [ INFO ] [ConfiguracionJDBC:52] Se cargo correctamente el driver jdbc
[2022-06-05 01:17:27] [ ERROR] [ConfiguracionJDBC:42] La conexion a la base de datos presenta problemas
[2022-06-05 01:19:14] [ INFO ] [ConfiguracionJDBC:52] Se cargo correctamente el driver jdbc
[2022-06-05 01:19:14] [ INFO ] [ConfiguracionJDBC:38] Se ha establecido correctamente la conexion a la base de datos
[2022-06-05 01:19:15] [ ERROR] [OdontologoDAOH2:40] No se pudo guardar la informacion
[2022-06-05 01:19:49] [ INFO ] [ConfiguracionJDBC:52] Se cargo correctamente el driver jdbc
[2022-06-05 01:19:50] [ INFO ] [ConfiguracionJDBC:38] Se ha establecido correctamente la conexion a la base de datos
[2022-06-05 01:19:50] [ INFO ] [OdontologoDAOH2:37] Informacion Guardada correctamente
